Arguments: 
  /root/.nvm/versions/node/v14.18.2/bin/node /opt/yarn-v1.22.4/bin/yarn.js install

PATH: 
  /root/.nvm/versions/node/v14.18.2/bin:/usr/local/sbin:/usr/local/bin:/usr/sbin:/usr/bin:/sbin:/bin

Yarn version: 
  1.22.4

Node version: 
  14.18.2

Platform: 
  linux x64

Trace: 
  Error: ENOENT: no such file or directory, copyfile '/usr/local/share/.cache/yarn/v6/npm-rimraf-3.0.2-f1a5402ba6220ad52cc1282bac1ae3aa49fd061a-integrity/node_modules/rimraf/CHANGELOG.md' -> '/home/workspace/sample-project/Redux-Form-Practice/node_modules/tmp/node_modules/rimraf/CHANGELOG.md'

npm manifest: 
  {
  	"dependencies": {
  		"create-react-app": "^5.0.1"
  	}
  }

yarn manifest: 
  No manifest

Lockfile: 
  No lockfile
